#
# There is insufficient memory for the Java Runtime Environment to continue.
# Native memory allocation (mmap) failed to map 262144000 bytes. Error detail: G1 virtual space
# Possible reasons:
#   The system is out of physical RAM or swap space
#   This process is running with CompressedOops enabled, and the Java Heap may be blocking the growth of the native heap
# Possible solutions:
#   Reduce memory load on the system
#   Increase physical memory or swap space
#   Check if swap backing store is full
#   Decrease Java heap size (-Xmx/-Xms)
#   Decrease number of Java threads
#   Decrease Java thread stack sizes (-Xss)
#   Set larger code cache with -XX:ReservedCodeCacheSize=
#   JVM is running with Zero Based Compressed Oops mode in which the Java heap is
#     placed in the first 32GB address space. The Java Heap base address is the
#     maximum limit for the native heap growth. Please use -XX:HeapBaseMinAddress
#     to set the Java Heap base and to place the Java Heap above 32GB virtual address.
# This output file may be truncated or incomplete.
#
#  Out of Memory Error (os_windows.cpp:3603), pid=12560, tid=46584
#
# JRE version:  (21.0.3+9) (build )
# Java VM: OpenJDK 64-Bit Server VM (21.0.3+9-LTS, mixed mode, sharing, tiered, compressed oops, compressed class ptrs, g1 gc, windows-amd64)
# No core dump will be written. Minidumps are not enabled by default on client versions of Windows
#

---------------  S U M M A R Y ------------

Command Line: -Dfile.encoding=UTF-8 -Dstdout.encoding=UTF-8 -Dstderr.encoding=UTF-8 --module-path=C:\Users\ssuri\eclipse-workspace1\BookingManagementSystem\bin;C:\Users\ssuri\Downloads\mysql-connector-j-9.0.0\mysql-connector-j-9.0.0\mysql-connector-j-9.0.0.jar -XX:+ShowCodeDetailsInExceptionMessages -Djdk.module.main=BookingManagementSystem BookingManagementSystem/com.wg.bookmyshow.app.Main

Host: Intel(R) Core(TM) i7-10610U CPU @ 1.80GHz, 8 cores, 15G,  Windows 11 , 64 bit Build 22621 (10.0.22621.3958)
Time: Mon Aug 26 15:54:30 2024 India Standard Time elapsed time: 0.023022 seconds (0d 0h 0m 0s)

---------------  T H R E A D  ---------------

Current thread (0x000002aa03dff670):  JavaThread "Unknown thread" [_thread_in_vm, id=46584, stack(0x000000d219e00000,0x000000d219f00000) (1024K)]

Stack: [0x000000d219e00000,0x000000d219f00000]
Native frames: (J=compiled Java code, j=interpreted, Vv=VM code, C=native code)
V  [jvm.dll+0x6c8699]
V  [jvm.dll+0x8a2061]
V  [jvm.dll+0x8a458e]
V  [jvm.dll+0x8a4c63]
V  [jvm.dll+0x27e476]
V  [jvm.dll+0x6c4e15]
V  [jvm.dll+0x6b9b0a]
V  [jvm.dll+0x3523ba]
V  [jvm.dll+0x359f66]
V  [jvm.dll+0x3ab1be]
V  [jvm.dll+0x3ab468]
V  [jvm.dll+0x3265fc]
V  [jvm.dll+0x32715b]
V  [jvm.dll+0x86b0b9]
V  [jvm.dll+0x3b81c1]
V  [jvm.dll+0x854318]
V  [jvm.dll+0x44c55e]
V  [jvm.dll+0x44e081]
C  [jli.dll+0x5278]
C  [ucrtbase.dll+0x29333]
C  [KERNEL32.DLL+0x1257d]
C  [ntdll.dll+0x5af28]


---------------  P R O C E S S  ---------------

Threads class SMR info:
_java_thread_list=0x00007ffb4c68e048, length=0, elements={
}

Java Threads: ( => current thread )
Total: 0

Other Threads:
  0x000002aa065cf910 WorkerThread "GC Thread#0"                     [id=41844, stack(0x000000d219f00000,0x000000d21a000000) (1024K)]
  0x000002aa065e0c10 ConcurrentGCThread "G1 Main Marker"            [id=33748, stack(0x000000d21a000000,0x000000d21a100000) (1024K)]
  0x000002aa065e1710 WorkerThread "G1 Conc#0"                       [id=47060, stack(0x000000d21a100000,0x000000d21a200000) (1024K)]

[error occurred during error reporting (printing all threads), id 0xc0000005, EXCEPTION_ACCESS_VIOLATION (0xc0000005) at pc=0x00007ffb4bd98f27]
VM state: not at safepoint (not fully initialized)

VM Mutex/Monitor currently owned by a thread:  ([mutex/lock_event])
[0x00007ffb4c702228] Heap_lock - owner thread: 0x000002aa03dff670

Heap address: 0x0000000706200000, size: 3998 MB, Compressed Oops mode: Zero based, Oop shift amount: 3

CDS archive(s) mapped at: [0x0000000000000000-0x0000000000000000-0x0000000000000000), size 0, SharedBaseAddress: 0x0000000800000000, ArchiveRelocationMode: 1.
Narrow klass base: 0x0000000000000000, Narrow klass shift: 0, Narrow klass range: 0x0

GC Precious Log:
 CardTable entry size: 512
 Card Set container configuration: InlinePtr #cards 4 size 8 Array Of Cards #cards 16 size 48 Howl #buckets 8 coarsen threshold 3686 Howl Bitmap #cards 512 size 80 coarsen threshold 460 Card regions per heap region 1 cards per card region 4096

Heap:
 garbage-first heap   total 0K, used 0K [0x0000000706200000, 0x0000000800000000)
  region size 2048K, 0 young (0K), 0 survivors (0K)

[error occurred during error reporting (printing heap information), id 0xc0000005, EXCEPTION_ACCESS_VIOLATION (0xc0000005) at pc=0x00007ffb4c182069]
GC Heap History (0 events):
No events

Dll operation events (1 events):
Event: 0.017 Loaded shared library C:\eclipse\plugins\org.eclipse.justj.openjdk.hotspot.jre.full.win32.x86_64_21.0.3.v20240426-1530\jre\bin\java.dll

Deoptimization events (0 events):
No events

Classes loaded (0 events):
No events

Classes unloaded (0 events):
No events

Classes redefined (0 events):
No events

Internal exceptions (0 events):
No events

ZGC Phase Switch (0 events):
No events

VM Operations (0 events):
No events

Events (0 events):
No events


Dynamic libraries:
0x00007ff61e7d0000 - 0x00007ff61e7de000 	C:\eclipse\plugins\org.eclipse.justj.openjdk.hotspot.jre.full.win32.x86_64_21.0.3.v20240426-1530\jre\bin\javaw.exe
0x00007ffb992b0000 - 0x00007ffb994c7000 	C:\Windows\SYSTEM32\ntdll.dll
0x00007ffb97db0000 - 0x00007ffb97e74000 	C:\Windows\System32\KERNEL32.DLL
0x00007ffb967e0000 - 0x00007ffb96b8d000 	C:\Windows\System32\KERNELBASE.dll
0x00007ffb96600000 - 0x00007ffb96711000 	C:\Windows\System32\ucrtbase.dll
0x00007ffb7f9f0000 - 0x00007ffb7fa08000 	C:\eclipse\plugins\org.eclipse.justj.openjdk.hotspot.jre.full.win32.x86_64_21.0.3.v20240426-1530\jre\bin\jli.dll
0x00007ffb97b50000 - 0x00007ffb97cfe000 	C:\Windows\System32\USER32.dll
0x00007ffb96f10000 - 0x00007ffb96f36000 	C:\Windows\System32\win32u.dll
0x00007ffb7f9a0000 - 0x00007ffb7f9bb000 	C:\eclipse\plugins\org.eclipse.justj.openjdk.hotspot.jre.full.win32.x86_64_21.0.3.v20240426-1530\jre\bin\VCRUNTIME140.dll
0x00007ffb973b0000 - 0x00007ffb973d9000 	C:\Windows\System32\GDI32.dll
0x00007ffb80140000 - 0x00007ffb803d3000 	C:\Windows\WinSxS\amd64_microsoft.windows.common-controls_6595b64144ccf1df_6.0.22621.3672_none_2713b9d173822955\COMCTL32.dll
0x00007ffb96c10000 - 0x00007ffb96d29000 	C:\Windows\System32\gdi32full.dll
0x00007ffb991c0000 - 0x00007ffb99267000 	C:\Windows\System32\msvcrt.dll
0x00007ffb96f40000 - 0x00007ffb96fda000 	C:\Windows\System32\msvcp_win.dll
0x00007ffb97370000 - 0x00007ffb973a1000 	C:\Windows\System32\IMM32.DLL
0x00007ffb78d80000 - 0x00007ffb78dc1000 	C:\Program Files (x86)\Panda Security\WAC\PSNAEHookMS64.dll
0x00007ffb982a0000 - 0x00007ffb982fe000 	C:\Windows\System32\SHLWAPI.dll
0x00007ffb97e80000 - 0x00007ffb97e88000 	C:\Windows\System32\PSAPI.DLL
0x00007ffb98150000 - 0x00007ffb98202000 	C:\Windows\System32\ADVAPI32.dll
0x00007ffb97eb0000 - 0x00007ffb97f59000 	C:\Windows\System32\sechost.dll
0x00007ffb965d0000 - 0x00007ffb965f8000 	C:\Windows\System32\bcrypt.dll
0x00007ffb97460000 - 0x00007ffb97574000 	C:\Windows\System32\RPCRT4.dll
0x00007ffb783d0000 - 0x00007ffb78475000 	C:\Program Files (x86)\Panda Security\WAC\PSNAETools64.dll
0x00007ffb971c0000 - 0x00007ffb97365000 	C:\Windows\System32\ole32.dll
0x00007ffb97580000 - 0x00007ffb9790d000 	C:\Windows\System32\combase.dll
0x00007ffb95630000 - 0x00007ffb95664000 	C:\Windows\SYSTEM32\ntmarta.dll
0x00007ffb78d30000 - 0x00007ffb78d7d000 	C:\Program Files (x86)\Panda Security\WAC\PSNAEComm64.dll
0x00007ffb79920000 - 0x00007ffb79939000 	C:\Program Files (x86)\Panda Security\WAC\PSNAEHookPlg64.dll
0x00007ffb8e070000 - 0x00007ffb8e07c000 	C:\eclipse\plugins\org.eclipse.justj.openjdk.hotspot.jre.full.win32.x86_64_21.0.3.v20240426-1530\jre\bin\vcruntime140_1.dll
0x00007ffb7b370000 - 0x00007ffb7b3fe000 	C:\eclipse\plugins\org.eclipse.justj.openjdk.hotspot.jre.full.win32.x86_64_21.0.3.v20240426-1530\jre\bin\msvcp140.dll
0x00007ffb4ba60000 - 0x00007ffb4c7e2000 	C:\eclipse\plugins\org.eclipse.justj.openjdk.hotspot.jre.full.win32.x86_64_21.0.3.v20240426-1530\jre\bin\server\jvm.dll
0x00007ffb97140000 - 0x00007ffb971b1000 	C:\Windows\System32\WS2_32.dll
0x00007ffb95f60000 - 0x00007ffb95fad000 	C:\Windows\SYSTEM32\POWRPROF.dll
0x00007ffb90790000 - 0x00007ffb907c4000 	C:\Windows\SYSTEM32\WINMM.dll
0x00007ffb8eaa0000 - 0x00007ffb8eaaa000 	C:\Windows\SYSTEM32\VERSION.dll
0x00007ffb95ed0000 - 0x00007ffb95ee3000 	C:\Windows\SYSTEM32\UMPDC.dll
0x00007ffb954d0000 - 0x00007ffb954e8000 	C:\Windows\SYSTEM32\kernel.appcore.dll
0x00007ffb92ac0000 - 0x00007ffb92aca000 	C:\eclipse\plugins\org.eclipse.justj.openjdk.hotspot.jre.full.win32.x86_64_21.0.3.v20240426-1530\jre\bin\jimage.dll
0x00007ffb93050000 - 0x00007ffb93282000 	C:\Windows\SYSTEM32\DBGHELP.DLL
0x000002aa05c20000 - 0x000002aa05cf7000 	C:\Windows\System32\OLEAUT32.dll
0x00007ffb72e00000 - 0x00007ffb72e32000 	C:\Windows\SYSTEM32\dbgcore.DLL
0x000002aa05900000 - 0x000002aa0597b000 	C:\Windows\System32\bcryptPrimitives.dll
0x00007ffb887d0000 - 0x00007ffb887ef000 	C:\eclipse\plugins\org.eclipse.justj.openjdk.hotspot.jre.full.win32.x86_64_21.0.3.v20240426-1530\jre\bin\java.dll

dbghelp: loaded successfully - version: 4.0.5 - missing functions: none
symbol engine: initialized successfully - sym options: 0x614 - pdb path: .;C:\eclipse\plugins\org.eclipse.justj.openjdk.hotspot.jre.full.win32.x86_64_21.0.3.v20240426-1530\jre\bin;C:\Windows\SYSTEM32;C:\Windows\WinSxS\amd64_microsoft.windows.common-controls_6595b64144ccf1df_6.0.22621.3672_none_2713b9d173822955;C:\Program Files (x86)\Panda Security\WAC;C:\eclipse\plugins\org.eclipse.justj.openjdk.hotspot.jre.full.win32.x86_64_21.0.3.v20240426-1530\jre\bin\server

VM Arguments:
jvm_args: -Dfile.encoding=UTF-8 -Dstdout.encoding=UTF-8 -Dstderr.encoding=UTF-8 --module-path=C:\Users\ssuri\eclipse-workspace1\BookingManagementSystem\bin;C:\Users\ssuri\Downloads\mysql-connector-j-9.0.0\mysql-connector-j-9.0.0\mysql-connector-j-9.0.0.jar -XX:+ShowCodeDetailsInExceptionMessages -Djdk.module.main=BookingManagementSystem 
java_command: BookingManagementSystem/com.wg.bookmyshow.app.Main
java_class_path (initial): <not set>
Launcher Type: SUN_STANDARD

[Global flags]
     intx CICompilerCount                          = 4                                         {product} {ergonomic}
     uint ConcGCThreads                            = 2                                         {product} {ergonomic}
     uint G1ConcRefinementThreads                  = 8                                         {product} {ergonomic}
   size_t G1HeapRegionSize                         = 2097152                                   {product} {ergonomic}
    uintx GCDrainStackTargetSize                   = 64                                        {product} {ergonomic}
   size_t InitialHeapSize                          = 262144000                                 {product} {ergonomic}
   size_t MarkStackSize                            = 4194304                                   {product} {ergonomic}
   size_t MaxHeapSize                              = 4192206848                                {product} {ergonomic}
   size_t MinHeapDeltaBytes                        = 2097152                                   {product} {ergonomic}
   size_t MinHeapSize                              = 8388608                                   {product} {ergonomic}
    uintx NonNMethodCodeHeapSize                   = 5839372                                {pd product} {ergonomic}
    uintx NonProfiledCodeHeapSize                  = 122909434                              {pd product} {ergonomic}
    uintx ProfiledCodeHeapSize                     = 122909434                              {pd product} {ergonomic}
    uintx ReservedCodeCacheSize                    = 251658240                              {pd product} {ergonomic}
     bool SegmentedCodeCache                       = true                                      {product} {ergonomic}
     bool ShowCodeDetailsInExceptionMessages       = true                                   {manageable} {command line}
   size_t SoftMaxHeapSize                          = 4192206848                             {manageable} {ergonomic}
     bool UseCompressedOops                        = true                           {product lp64_product} {ergonomic}
     bool UseG1GC                                  = true                                      {product} {ergonomic}
     bool UseLargePagesIndividualAllocation        = false                                  {pd product} {ergonomic}

Logging:
Log output configuration:
 #0: stdout all=warning uptime,level,tags foldmultilines=false
 #1: stderr all=off uptime,level,tags foldmultilines=false

Environment Variables:
PATH=C:/eclipse//plugins/org.eclipse.justj.openjdk.hotspot.jre.full.win32.x86_64_21.0.3.v20240426-1530/jre/bin/server;C:/eclipse//plugins/org.eclipse.justj.openjdk.hotspot.jre.full.win32.x86_64_21.0.3.v20240426-1530/jre/bin;C:\Program Files\Common Files\Oracle\Java\javapath;C:\Program Files\Java\jdk-21\bin;C:\Windows\system32;C:\Windows;C:\Windows\System32\Wbem;C:\Windows\System32\WindowsPowerShell\v1.0\;C:\Windows\System32\OpenSSH\;C:\Program Files\dotnet\;C:\Program Files\RedHat\Podman\;C:\Program Files\MySQL\MySQL Server 8.0\bin;C:\Program Files\MySQL\MySQL Shell 8.0\bin\;C:\Users\ssuri\AppData\Local\Microsoft\WindowsApps;;C:\eclipse;
USERNAME=ssuri
OS=Windows_NT
PROCESSOR_IDENTIFIER=Intel64 Family 6 Model 142 Stepping 12, GenuineIntel
TMP=C:\Users\ssuri\AppData\Local\Temp
TEMP=C:\Users\ssuri\AppData\Local\Temp




Periodic native trim disabled

---------------  S Y S T E M  ---------------

OS:
 Windows 11 , 64 bit Build 22621 (10.0.22621.3958)
OS uptime: 5 days 21:59 hours
Hyper-V role detected

CPU: total 8 (initial active 8) (4 cores per cpu, 2 threads per core) family 6 model 142 stepping 12 microcode 0xf8, cx8, cmov, fxsr, ht, mmx, 3dnowpref, sse, sse2, sse3, ssse3, sse4.1, sse4.2, popcnt, lzcnt, tsc, tscinvbit, avx, avx2, aes, erms, clmul, bmi1, bmi2, adx, fma, vzeroupper, clflush, clflushopt, hv, rdtscp, f16c
Processor Information for all 8 processors :
  Max Mhz: 2304, Current Mhz: 1803, Mhz Limit: 1797

Memory: 4k page, system-wide physical 15984M (1524M free)
TotalPageFile size 65136M (AvailPageFile size 97M)
current process WorkingSet (physical memory assigned to process): 14M, peak: 14M
current process commit charge ("private bytes"): 62M, peak: 312M

vm_info: OpenJDK 64-Bit Server VM (21.0.3+9-LTS) for windows-amd64 JRE (21.0.3+9-LTS), built on 2024-04-16T00:00:00Z by "admin" with MS VC++ 17.7 (VS2022)

END.
